AAFlappyChicken/proguard/seeds.txt
com.idroid.flying.chicken.LeaderboardActivity
com.idroid.flying.chicken.LeaderboardActivity: LeaderboardActivity()
com.idroid.flying.chicken.MainActivity
com.idroid.flying.chicken.MainActivity: MainActivity()
com.idroid.flying.chicken.R$anim: int left_to_right_in
com.idroid.flying.chicken.R$anim: int left_to_right_out
com.idroid.flying.chicken.R$anim: int right_to_left_in
com.idroid.flying.chicken.R$anim: int right_to_left_out
com.idroid.flying.chicken.R$anim: int tivi_close
com.idroid.flying.chicken.R$anim: int tivi_open
com.idroid.flying.chicken.R$anim: int zoom_in
com.idroid.flying.chicken.R$attr: int adSize
com.idroid.flying.chicken.R$attr: int adSizes
com.idroid.flying.chicken.R$attr: int adUnitId
com.idroid.flying.chicken.R$attr: int cameraBearing
com.idroid.flying.chicken.R$attr: int cameraTargetLat
com.idroid.flying.chicken.R$attr: int cameraTargetLng
com.idroid.flying.chicken.R$attr: int cameraTilt
com.idroid.flying.chicken.R$attr: int cameraZoom
com.idroid.flying.chicken.R$attr: int mapType
com.idroid.flying.chicken.R$attr: int uiCompass
com.idroid.flying.chicken.R$attr: int uiRotateGestures
com.idroid.flying.chicken.R$attr: int uiScrollGestures
com.idroid.flying.chicken.R$attr: int uiTiltGestures
com.idroid.flying.chicken.R$attr: int uiZoomControls
com.idroid.flying.chicken.R$attr: int uiZoomGestures
com.idroid.flying.chicken.R$attr: int useViewLifecycle
com.idroid.flying.chicken.R$attr: int zOrderOnTop
com.idroid.flying.chicken.R$color: int common_action_bar_splitter
com.idroid.flying.chicken.R$color: int common_signin_btn_dark_text_default
com.idroid.flying.chicken.R$color: int common_signin_btn_dark_text_disabled
com.idroid.flying.chicken.R$color: int common_signin_btn_dark_text_focused
com.idroid.flying.chicken.R$color: int common_signin_btn_dark_text_pressed
com.idroid.flying.chicken.R$color: int common_signin_btn_default_background
com.idroid.flying.chicken.R$color: int common_signin_btn_light_text_default
com.idroid.flying.chicken.R$color: int common_signin_btn_light_text_disabled
com.idroid.flying.chicken.R$color: int common_signin_btn_light_text_focused
com.idroid.flying.chicken.R$color: int common_signin_btn_light_text_pressed
com.idroid.flying.chicken.R$color: int common_signin_btn_text_dark
com.idroid.flying.chicken.R$color: int common_signin_btn_text_light
com.idroid.flying.chicken.R$dimen: int activity_horizontal_margin
com.idroid.flying.chicken.R$dimen: int activity_vertical_margin
com.idroid.flying.chicken.R$drawable: int common_signin_btn_icon_dark
com.idroid.flying.chicken.R$drawable: int common_signin_btn_icon_disabled_dark
com.idroid.flying.chicken.R$drawable: int common_signin_btn_icon_disabled_focus_dark
com.idroid.flying.chicken.R$drawable: int common_signin_btn_icon_disabled_focus_light
com.idroid.flying.chicken.R$drawable: int common_signin_btn_icon_disabled_light
com.idroid.flying.chicken.R$drawable: int common_signin_btn_icon_focus_dark
com.idroid.flying.chicken.R$drawable: int common_signin_btn_icon_focus_light
com.idroid.flying.chicken.R$drawable: int common_signin_btn_icon_light
com.idroid.flying.chicken.R$drawable: int common_signin_btn_icon_normal_dark
com.idroid.flying.chicken.R$drawable: int common_signin_btn_icon_normal_light
com.idroid.flying.chicken.R$drawable: int common_signin_btn_icon_pressed_dark
com.idroid.flying.chicken.R$drawable: int common_signin_btn_icon_pressed_light
com.idroid.flying.chicken.R$drawable: int common_signin_btn_text_dark
com.idroid.flying.chicken.R$drawable: int common_signin_btn_text_disabled_dark
com.idroid.flying.chicken.R$drawable: int common_signin_btn_text_disabled_focus_dark
com.idroid.flying.chicken.R$drawable: int common_signin_btn_text_disabled_focus_light
com.idroid.flying.chicken.R$drawable: int common_signin_btn_text_disabled_light
com.idroid.flying.chicken.R$drawable: int common_signin_btn_text_focus_dark
com.idroid.flying.chicken.R$drawable: int common_signin_btn_text_focus_light
...
com.ironsource.mobilcore.am
com.ironsource.mobilcore.am: android.content.Intent a
com.ironsource.mobilcore.am: am(android.content.Context,com.ironsource.mobilcore.ak)
com.ironsource.mobilcore.am: java.lang.String e()
com.ironsource.mobilcore.am: void a(org.json.JSONObject)
com.ironsource.mobilcore.am: void a(android.view.View)
com.ironsource.mobilcore.an
com.ironsource.mobilcore.an: an(android.content.Context,com.ironsource.mobilcore.ak)
com.ironsource.mobilcore.an: java.lang.String e()
com.ironsource.mobilcore.an: void a(org.json.JSONObject)
com.ironsource.mobilcore.an: void a(android.view.View)
com.ironsource.mobilcore.ao
com.ironsource.mobilcore.ao: java.lang.String a
com.ironsource.mobilcore.ao: ao(android.content.Context,com.ironsource.mobilcore.ak)
com.ironsource.mobilcore.ao: java.lang.String e()
com.ironsource.mobilcore.ao: void a(org.json.JSONObject)
com.ironsource.mobilcore.ao: void a(android.view.View)
com.ironsource.mobilcore.ap
com.ironsource.mobilcore.ap: java.util.ArrayList a
com.ironsource.mobilcore.ap: ap(android.content.Context,com.ironsource.mobilcore.ak)
com.ironsource.mobilcore.ap: java.lang.String e()
com.ironsource.mobilcore.ap: void a(org.json.JSONObject)
com.ironsource.mobilcore.ap: void a(int)
com.ironsource.mobilcore.ap: void a(android.app.Activity)
com.ironsource.mobilcore.ap: boolean d()
com.ironsource.mobilcore.ap: void a()
com.ironsource.mobilcore.ap: void b()
com.ironsource.mobilcore.ap: void c()
com.ironsource.mobilcore.ap: void a(com.ironsource.mobilcore.p,org.json.JSONObject)
com.ironsource.mobilcore.aq
com.ironsource.mobilcore.aq: java.lang.String a
com.ironsource.mobilcore.aq: boolean b
com.ironsource.mobilcore.aq: aq(android.content.Context,com.ironsource.mobilcore.ak)
com.ironsource.mobilcore.aq: java.lang.String e()
com.ironsource.mobilcore.aq: void a(org.json.JSONObject)
com.ironsource.mobilcore.aq: void a(android.view.View)
com.ironsource.mobilcore.ar
com.ironsource.mobilcore.ar: java.lang.String[] b
com.ironsource.mobilcore.ar: android.content.SharedPreferences a
com.ironsource.mobilcore.ar: ar()
com.ironsource.mobilcore.ar: java.lang.String a(android.content.Context,java.lang.String)
com.ironsource.mobilcore.ar: org.apache.http.client.HttpClient a()
com.ironsource.mobilcore.ar: int a(android.content.Context)
com.ironsource.mobilcore.ar: java.lang.String a(int)
com.ironsource.mobilcore.ar: java.lang.String b(android.content.Context)
com.ironsource.mobilcore.ar: int c(android.content.Context)
com.ironsource.mobilcore.ar: int d(android.content.Context)
com.ironsource.mobilcore.ar: double e(android.content.Context)
com.ironsource.mobilcore.ar: java.lang.String a(java.lang.Double,android.content.Context)
com.ironsource.mobilcore.ar: java.lang.String f(android.content.Context)
com.ironsource.mobilcore.ar: int g(android.content.Context)
com.ironsource.mobilcore.ar: java.lang.String a(java.lang.String)
com.ironsource.mobilcore.ar: java.lang.String h(android.content.Context)
com.ironsource.mobilcore.ar: java.lang.String h(java.lang.String)
com.ironsource.mobilcore.ar: java.lang.String o(android.content.Context)
com.ironsource.mobilcore.ar: java.lang.String p(android.content.Context)
com.ironsource.mobilcore.ar: java.lang.String c()
com.ironsource.mobilcore.ar: java.lang.String a(java.io.File)
com.ironsource.mobilcore.ar: java.lang.String b(java.lang.String)
com.ironsource.mobilcore.ar$a
com.ironsource.mobilcore.ar$a: boolean a(org.apache.http.HttpEntity)
com.ironsource.mobilcore.ar$a: void a(int)
com.ironsource.mobilcore.ar$a: void a(java.lang.Exception)
com.ironsource.mobilcore.ar$b
com.ironsource.mobilcore.ar$b: void a(java.lang.String)
com.ironsource.mobilcore.ar$b: void a(java.lang.String,boolean)
com.ironsource.mobilcore.ar$b: void a(java.lang.String,int)
com.ironsource.mobilcore.ar$b: void a(java.lang.String,java.lang.Exception)
com.ironsource.mobilcore.ar$b: void a(org.json.JSONObject)