AAFlappyChicken/proguard/mapping.txt
com.idroid.flying.chicken.CrossPromotion -> com.idroid.flying.chicken.a:
    android.app.Activity mActivity -> a
    android.view.View layoutMore -> b
    com.nostra13.universalimageloader.core.DisplayImageOptions mDisplayImageOptions -> c
    int layoutWidth -> d
    int layoutHeight -> e
    android.view.View$OnClickListener onClickCrossPromotion -> f
    50:57:void initImageLoader() -> a
    60:102:void addCrossPromotion() -> b
    105:127:void readConfig() -> c
    131:144:void initView(java.lang.String) -> a
    166:185:void showCrossPromotion() -> d
    188:207:void hideCrossPromotion() -> e
com.idroid.flying.chicken.CrossPromotion$1 -> com.idroid.flying.chicken.a$1:
    com.idroid.flying.chicken.CrossPromotion this$0 -> a
    150:162:void onClick(android.view.View) -> onClick
    146:146:com.idroid.flying.chicken.CrossPromotion access$0(com.idroid.flying.chicken.CrossPromotion$1) -> a
com.idroid.flying.chicken.CrossPromotion$1$1 -> com.idroid.flying.chicken.a$1$1:
    com.idroid.flying.chicken.CrossPromotion$1 this$1 -> a
    android.view.View val$v -> b
    156:160:void run() -> run
com.idroid.flying.chicken.CrossPromotion$2 -> com.idroid.flying.chicken.a$2:
    com.idroid.flying.chicken.CrossPromotion this$0 -> a
    73:74:void onClick(android.view.View) -> onClick
com.idroid.flying.chicken.CrossPromotion$3 -> com.idroid.flying.chicken.a$3:
    com.idroid.flying.chicken.CrossPromotion this$0 -> a
    81:82:void onClick(android.view.View) -> onClick
com.idroid.flying.chicken.CrossPromotion$4 -> com.idroid.flying.chicken.a$4:
    com.idroid.flying.chicken.CrossPromotion this$0 -> a
    89:92:void onClick(android.view.View) -> onClick
com.idroid.flying.chicken.CrossPromotion$5 -> com.idroid.flying.chicken.a$5:
    com.idroid.flying.chicken.CrossPromotion this$0 -> a
    99:100:void onClick(android.view.View) -> onClick
com.idroid.flying.chicken.CrossPromotion$6 -> com.idroid.flying.chicken.a$6:
    com.idroid.flying.chicken.CrossPromotion this$0 -> a
    111:125:void run() -> run
    107:107:com.idroid.flying.chicken.CrossPromotion access$0(com.idroid.flying.chicken.CrossPromotion$6) -> a
com.idroid.flying.chicken.CrossPromotion$6$1 -> com.idroid.flying.chicken.a$6$1:
    com.idroid.flying.chicken.CrossPromotion$6 this$1 -> a
    java.lang.String val$crossPromotionData -> b
    116:123:void run() -> run
com.idroid.flying.chicken.CrossPromotion$7 -> com.idroid.flying.chicken.a$7:
    com.idroid.flying.chicken.CrossPromotion this$0 -> a
    170:183:void run() -> run
    166:166:com.idroid.flying.chicken.CrossPromotion access$0(com.idroid.flying.chicken.CrossPromotion$7) -> a
com.idroid.flying.chicken.CrossPromotion$7$1 -> com.idroid.flying.chicken.a$7$1:
    com.idroid.flying.chicken.CrossPromotion$7 this$1 -> a
    174:177:void applyTransformation(float,android.view.animation.Transformation) -> applyTransformation
com.idroid.flying.chicken.CrossPromotion$8 -> com.idroid.flying.chicken.a$8:
    com.idroid.flying.chicken.CrossPromotion this$0 -> a
    192:205:void run() -> run
    188:188:com.idroid.flying.chicken.CrossPromotion access$0(com.idroid.flying.chicken.CrossPromotion$8) -> a
com.idroid.flying.chicken.CrossPromotion$8$1 -> com.idroid.flying.chicken.a$8$1:
    com.idroid.flying.chicken.CrossPromotion$8 this$1 -> a
    196:199:void applyTransformation(float,android.view.animation.Transformation) -> applyTransformation
com.idroid.flying.chicken.LeaderboardActivity -> com.idroid.flying.chicken.LeaderboardActivity:
    13:15:void onSignInFailed() -> e_
    20:23:void onSignInSucceeded() -> f_
com.idroid.flying.chicken.MCrypt -> com.idroid.flying.chicken.b:
    javax.crypto.spec.IvParameterSpec mIvspec -> a
    java.lang.String mSecretKey -> b
    javax.crypto.spec.SecretKeySpec mKeyspec -> c
    javax.crypto.Cipher cipher -> d
    92:100:byte[] decryptFromByteArray(byte[]) -> a
    110:110:java.lang.String decryptFromHexString(java.lang.String) -> a
    123:133:byte[] hexToBytes(java.lang.String) -> b
...
org.andengine.entity.text.vbo.HighPerformanceTextVertexBufferObject -> org.andengine.c.f.b.a:
    int[] $SWITCH_TABLE$org$andengine$util$HorizontalAlign -> l
    47:65:void onUpdateColor(org.andengine.entity.text.Text) -> a
    69:163:void onUpdateVertices(org.andengine.entity.text.Text) -> b
    20:20:int[] $SWITCH_TABLE$org$andengine$util$HorizontalAlign() -> a
org.andengine.entity.text.vbo.ITextVertexBufferObject -> org.andengine.c.f.b.b:
    void onUpdateColor(org.andengine.entity.text.Text) -> a
    void onUpdateVertices(org.andengine.entity.text.Text) -> b
org.andengine.input.sensor.BaseSensorData -> org.andengine.input.sensor.a:
    float[] mValues -> a
    int mAccuracy -> b
    int mDisplayRotation -> c
    44:45:void setValues(float[]) -> a
    48:49:void setAccuracy(int) -> a
    61:61:java.lang.String toString() -> toString
org.andengine.input.sensor.SensorDelay -> org.andengine.input.sensor.b:
    org.andengine.input.sensor.SensorDelay NORMAL -> a
    org.andengine.input.sensor.SensorDelay UI -> b
    org.andengine.input.sensor.SensorDelay GAME -> c
    org.andengine.input.sensor.SensorDelay FASTEST -> d
    int mDelay -> e
    org.andengine.input.sensor.SensorDelay[] ENUM$VALUES -> f
    1:1:org.andengine.input.sensor.SensorDelay[] values() -> values
    1:1:org.andengine.input.sensor.SensorDelay valueOf(java.lang.String) -> valueOf
org.andengine.input.sensor.acceleration.AccelerationData -> org.andengine.input.sensor.a.a:
    org.andengine.input.sensor.acceleration.AccelerationData$IAxisSwap[] AXISSWAPS -> d
    108:111:void setValues(float[]) -> a
    119:119:java.lang.String toString() -> toString
org.andengine.input.sensor.acceleration.AccelerationData$1 -> org.andengine.input.sensor.a.a$1:
    28:32:void swapAxis(float[]) -> a
org.andengine.input.sensor.acceleration.AccelerationData$2 -> org.andengine.input.sensor.a.a$2:
    38:42:void swapAxis(float[]) -> a
org.andengine.input.sensor.acceleration.AccelerationData$3 -> org.andengine.input.sensor.a.a$3:
    48:52:void swapAxis(float[]) -> a
org.andengine.input.sensor.acceleration.AccelerationData$4 -> org.andengine.input.sensor.a.a$4:
    58:62:void swapAxis(float[]) -> a
org.andengine.input.sensor.acceleration.AccelerationData$IAxisSwap -> org.andengine.input.sensor.a.a$a:
    void swapAxis(float[]) -> a
org.andengine.input.sensor.acceleration.IAccelerationListener -> org.andengine.input.sensor.a.b:
    void onAccelerationAccuracyChanged(org.andengine.input.sensor.acceleration.AccelerationData) -> a
    void onAccelerationChanged(org.andengine.input.sensor.acceleration.AccelerationData) -> b
org.andengine.input.sensor.location.ILocationListener -> org.andengine.input.sensor.location.a:
    void onLocationProviderEnabled() -> a
    void onLocationChanged(android.location.Location) -> a
    void onLocationLost() -> b
    void onLocationProviderDisabled() -> c
    void onLocationProviderStatusChanged(org.andengine.input.sensor.location.LocationProviderStatus,android.os.Bundle) -> a
org.andengine.input.sensor.location.LocationProviderStatus -> org.andengine.input.sensor.location.b:
    org.andengine.input.sensor.location.LocationProviderStatus AVAILABLE -> a
    org.andengine.input.sensor.location.LocationProviderStatus OUT_OF_SERVICE -> b
    org.andengine.input.sensor.location.LocationProviderStatus TEMPORARILY_UNAVAILABLE -> c
    org.andengine.input.sensor.location.LocationProviderStatus[] ENUM$VALUES -> d
    1:1:org.andengine.input.sensor.location.LocationProviderStatus[] values() -> values
    1:1:org.andengine.input.sensor.location.LocationProviderStatus valueOf(java.lang.String) -> valueOf
org.andengine.input.sensor.location.LocationSensorOptions -> org.andengine.input.sensor.location.LocationSensorOptions:
    boolean mEnabledOnly -> a
    long mMinimumTriggerTime -> b
    long mMinimumTriggerDistance -> c