AAFlappyChicken/proguard/usage.txt
com.idroid.flying.chicken.BuildConfig
com.idroid.flying.chicken.ConfigService
com.idroid.flying.chicken.MCrypt:
    28:39:public MCrypt(byte[],java.lang.String)
    46:47:public void setIvBytes(byte[])
    56:67:public byte[] encryptToByteArray(java.lang.String)
    77:77:public java.lang.String encryptToBase64String(java.lang.String)
    81:81:public java.lang.String encryptToHexString(java.lang.String)
    114:114:public java.lang.String decryptFromBase64String(java.lang.String)
    143:155:public static java.lang.String bytesToHex(byte[])
    164:172:private static java.lang.String padString(java.lang.String)
com.idroid.flying.chicken.MainActivity:
    org.andengine.opengl.texture.region.TextureRegion regionSquishyBird
    org.andengine.entity.Entity layerBird
    android.view.View layoutMore
    org.andengine.entity.util.ScreenCapture mScreenCapture
com.idroid.flying.chicken.MainActivity$4:
    367:367:public void reset()
com.idroid.flying.chicken.R
com.idroid.flying.chicken.R$anim
com.idroid.flying.chicken.R$attr
com.idroid.flying.chicken.R$color
com.idroid.flying.chicken.R$dimen
com.idroid.flying.chicken.R$drawable
com.idroid.flying.chicken.R$id
com.idroid.flying.chicken.R$integer
com.idroid.flying.chicken.R$layout
com.idroid.flying.chicken.R$menu
com.idroid.flying.chicken.R$string
com.idroid.flying.chicken.R$style
com.idroid.flying.chicken.R$styleable
com.idroid.flying.chicken.ReadConfig:
    public static final java.lang.String ACTION_ADMOB_ID
    public static final java.lang.String EXTRA_ADMOB_ID
    227:274:public static void showExit(android.content.Context)
com.idroid.flying.chicken.ReadConfig$4
com.idroid.flying.chicken.ReadConfig$4$1
com.idroid.flying.chicken.ReadConfig$5
com.idroid.flying.chicken.ReadConfig$5$1
com.idroid.flying.chicken.ServiceHelper:
    18:18:public ServiceHelper()
    26:48:public static java.lang.Object getData(java.lang.String,boolean)
com.idroid.flying.chicken.Utils:
    6:6:public Utils()
    20:21:public static void saveCurrentScore(android.content.Context,int)
    24:24:public static int getCurrentScore(android.content.Context)
...
android.support.v4.view.PagerTabStrip
android.support.v4.view.PagerTabStrip$1
android.support.v4.view.PagerTabStrip$2
android.support.v4.view.PagerTitleStrip
android.support.v4.view.PagerTitleStrip$1
android.support.v4.view.PagerTitleStrip$PageListener
android.support.v4.view.PagerTitleStrip$PagerTitleStripImpl
android.support.v4.view.PagerTitleStrip$PagerTitleStripImplBase
android.support.v4.view.PagerTitleStrip$PagerTitleStripImplIcs
android.support.v4.view.PagerTitleStripIcs
android.support.v4.view.PagerTitleStripIcs$SingleLineAllCapsTransform
android.support.v4.view.VelocityTrackerCompat:
    25:51:public VelocityTrackerCompat()
    91:91:public static float getYVelocity(android.view.VelocityTracker,int)
android.support.v4.view.VelocityTrackerCompat$BaseVelocityTrackerVersionImpl:
    44:44:public float getYVelocity(android.view.VelocityTracker,int)
android.support.v4.view.VelocityTrackerCompat$HoneycombVelocityTrackerVersionImpl:
    58:58:public float getYVelocity(android.view.VelocityTracker,int)
android.support.v4.view.VelocityTrackerCompat$VelocityTrackerVersionImpl:
    public abstract float getYVelocity(android.view.VelocityTracker,int)
android.support.v4.view.VelocityTrackerCompatHoneycomb:
    24:24:VelocityTrackerCompatHoneycomb()
    29:29:public static float getYVelocity(android.view.VelocityTracker,int)
android.support.v4.view.ViewCompat:
    public static final int OVER_SCROLL_ALWAYS
    public static final int OVER_SCROLL_IF_CONTENT_SCROLLS
    public static final int OVER_SCROLL_NEVER
    private static final long FAKE_FRAME_TIME
    public static final int IMPORTANT_FOR_ACCESSIBILITY_AUTO
    public static final int IMPORTANT_FOR_ACCESSIBILITY_YES
    public static final int IMPORTANT_FOR_ACCESSIBILITY_NO
    public static final int LAYER_TYPE_NONE
    public static final int LAYER_TYPE_SOFTWARE
    public static final int LAYER_TYPE_HARDWARE
    31:308:public ViewCompat()
    358:358:public static boolean canScrollVertically(android.view.View,int)
    387:388:public static void setOverScrollMode(android.view.View,int)
    424:425:public static void onPopulateAccessibilityEvent(android.view.View,android.view.accessibility.AccessibilityEvent)
    457:458:public static void onInitializeAccessibilityEvent(android.view.View,android.view.accessibility.AccessibilityEvent)
    493:494:public static void onInitializeAccessibilityNodeInfo(android.view.View,android.support.v4.view.accessibility.AccessibilityNodeInfoCompat)
    508:509:public static void setAccessibilityDelegate(android.view.View,android.support.v4.view.AccessibilityDelegateCompat)
    520:520:public static boolean hasTransientState(android.view.View)
    531:532:public static void setHasTransientState(android.view.View,boolean)